# JRE version: Java(TM) SE Runtime Environment (8.0_181-b13) (build 1.8.0_181-b13)
# Java VM: Java HotSpot(TM) 64-Bit Server VM (25.181-b13 mixed mode windows-amd64 compressed oops)
Heap:
 PSYoungGen      total 391168K, used 280791K [0x00000000d5e00000, 0x00000000f1980000, 0x0000000100000000)
  eden space 354816K, 79% used [0x00000000d5e00000,0x00000000e7035ff0,0x00000000eb880000)
  from space 36352K, 0% used [0x00000000ef600000,0x00000000ef600000,0x00000000f1980000)
  to   space 49664K, 0% used [0x00000000eb880000,0x00000000eb880000,0x00000000ee900000)
 ParOldGen       total 163328K, used 51597K [0x0000000081a00000, 0x000000008b980000, 0x00000000d5e00000)
  object space 163328K, 31% used [0x0000000081a00000,0x0000000084c63528,0x000000008b980000)
 Metaspace       used 53093K, capacity 54010K, committed 54272K, reserved 1097728K
  class space    used 6092K, capacity 6351K, committed 6400K, reserved 1048576K
GC Heap History (10 events):
Event: 7.460 GC heap before
{Heap before GC invocations=13 (full 2):
 PSYoungGen      total 271872K, used 233472K [0x00000000d5e00000, 0x00000000e9b80000, 0x0000000100000000)
  eden space 233472K, 100% used [0x00000000d5e00000,0x00000000e4200000,0x00000000e4200000)
  from space 38400K, 0% used [0x00000000e6a80000,0x00000000e6a80000,0x00000000e9000000)
  to   space 41472K, 0% used [0x00000000e4200000,0x00000000e4200000,0x00000000e6a80000)
 ParOldGen       total 146432K, used 61891K [0x0000000081a00000, 0x000000008a900000, 0x00000000d5e00000)
  object space 146432K, 42% used [0x0000000081a00000,0x0000000085670ff8,0x000000008a900000)
 Metaspace       used 34278K, capacity 34974K, committed 35328K, reserved 1081344K
  class space    used 4059K, capacity 4261K, committed 4352K, reserved 1048576K
Event: 7.489 GC heap after
Heap after GC invocations=13 (full 2):
 PSYoungGen      total 274944K, used 29007K [0x00000000d5e00000, 0x00000000ed680000, 0x0000000100000000)
  eden space 233472K, 0% used [0x00000000d5e00000,0x00000000d5e00000,0x00000000e4200000)
  from space 41472K, 69% used [0x00000000e4200000,0x00000000e5e53f50,0x00000000e6a80000)
  to   space 43520K, 0% used [0x00000000eac00000,0x00000000eac00000,0x00000000ed680000)
 ParOldGen       total 146432K, used 61899K [0x0000000081a00000, 0x000000008a900000, 0x00000000d5e00000)
  object space 146432K, 42% used [0x0000000081a00000,0x0000000085672ff8,0x000000008a900000)
 Metaspace       used 34278K, capacity 34974K, committed 35328K, reserved 1081344K
  class space    used 4059K, capacity 4261K, committed 4352K, reserved 1048576K
}
Event: 8.474 GC heap before
{Heap before GC invocations=14 (full 2):
 PSYoungGen      total 274944K, used 262479K [0x00000000d5e00000, 0x00000000ed680000, 0x0000000100000000)
  eden space 233472K, 100% used [0x00000000d5e00000,0x00000000e4200000,0x00000000e4200000)
  from space 41472K, 69% used [0x00000000e4200000,0x00000000e5e53f50,0x00000000e6a80000)
  to   space 43520K, 0% used [0x00000000eac00000,0x00000000eac00000,0x00000000ed680000)
 ParOldGen       total 146432K, used 61899K [0x0000000081a00000, 0x000000008a900000, 0x00000000d5e00000)
  object space 146432K, 42% used [0x0000000081a00000,0x0000000085672ff8,0x000000008a900000)
 Metaspace       used 39468K, capacity 40320K, committed 40576K, reserved 1085440K
  class space    used 4736K, capacity 4978K, committed 4992K, reserved 1048576K
Event: 8.504 GC heap after
Heap after GC invocations=14 (full 2):
 PSYoungGen      total 334848K, used 28516K [0x00000000d5e00000, 0x00000000ed400000, 0x0000000100000000)
  eden space 293888K, 0% used [0x00000000d5e00000,0x00000000d5e00000,0x00000000e7d00000)
  from space 40960K, 69% used [0x00000000eac00000,0x00000000ec7d9350,0x00000000ed400000)
  to   space 44544K, 0% used [0x00000000e7d00000,0x00000000e7d00000,0x00000000ea880000)
 ParOldGen       total 146432K, used 61907K [0x0000000081a00000, 0x000000008a900000, 0x00000000d5e00000)
  object space 146432K, 42% used [0x0000000081a00000,0x0000000085674ff8,0x000000008a900000)
 Metaspace       used 39468K, capacity 40320K, committed 40576K, reserved 1085440K
  class space    used 4736K, capacity 4978K, committed 4992K, reserved 1048576K
}
Event: 9.928 GC heap before
{Heap before GC invocations=15 (full 2):
 PSYoungGen      total 334848K, used 322404K [0x00000000d5e00000, 0x00000000ed400000, 0x0000000100000000)
  eden space 293888K, 100% used [0x00000000d5e00000,0x00000000e7d00000,0x00000000e7d00000)
  from space 40960K, 69% used [0x00000000eac00000,0x00000000ec7d9350,0x00000000ed400000)
  to   space 44544K, 0% used [0x00000000e7d00000,0x00000000e7d00000,0x00000000ea880000)
 ParOldGen       total 146432K, used 61907K [0x0000000081a00000, 0x000000008a900000, 0x00000000d5e00000)
  object space 146432K, 42% used [0x0000000081a00000,0x0000000085674ff8,0x000000008a900000)
 Metaspace       used 45428K, capacity 46350K, committed 46464K, reserved 1089536K
  class space    used 5457K, capacity 5729K, committed 5760K, reserved 1048576K
Event: 9.972 GC heap after
Heap after GC invocations=15 (full 2):
 PSYoungGen      total 338432K, used 44535K [0x00000000d5e00000, 0x00000000f2880000, 0x0000000100000000)
  eden space 293888K, 0% used [0x00000000d5e00000,0x00000000d5e00000,0x00000000e7d00000)
  from space 44544K, 99% used [0x00000000e7d00000,0x00000000ea87dc20,0x00000000ea880000)
  to   space 51712K, 0% used [0x00000000ef600000,0x00000000ef600000,0x00000000f2880000)
 ParOldGen       total 146432K, used 63219K [0x0000000081a00000, 0x000000008a900000, 0x00000000d5e00000)
  object space 146432K, 43% used [0x0000000081a00000,0x00000000857bccd8,0x000000008a900000)
 Metaspace       used 45428K, capacity 46350K, committed 46464K, reserved 1089536K
  class space    used 5457K, capacity 5729K, committed 5760K, reserved 1048576K
}
Event: 18.748 GC heap before
{Heap before GC invocations=16 (full 2):
 PSYoungGen      total 338432K, used 188509K [0x00000000d5e00000, 0x00000000f2880000, 0x0000000100000000)
  eden space 293888K, 48% used [0x00000000d5e00000,0x00000000dea99ae8,0x00000000e7d00000)
  from space 44544K, 99% used [0x00000000e7d00000,0x00000000ea87dc20,0x00000000ea880000)
  to   space 51712K, 0% used [0x00000000ef600000,0x00000000ef600000,0x00000000f2880000)
 ParOldGen       total 146432K, used 63219K [0x0000000081a00000, 0x000000008a900000, 0x00000000d5e00000)
  object space 146432K, 43% used [0x0000000081a00000,0x00000000857bccd8,0x000000008a900000)
 Metaspace       used 49402K, capacity 50398K, committed 50560K, reserved 1093632K
  class space    used 5860K, capacity 6153K, committed 6272K, reserved 1048576K
Event: 18.770 GC heap after
Heap after GC invocations=16 (full 2):
 PSYoungGen      total 391168K, used 16348K [0x00000000d5e00000, 0x00000000f1980000, 0x0000000100000000)
  eden space 354816K, 0% used [0x00000000d5e00000,0x00000000d5e00000,0x00000000eb880000)
  from space 36352K, 44% used [0x00000000ef600000,0x00000000f05f70c8,0x00000000f1980000)
  to   space 49664K, 0% used [0x00000000eb880000,0x00000000eb880000,0x00000000ee900000)
 ParOldGen       total 146432K, used 76482K [0x0000000081a00000, 0x000000008a900000, 0x00000000d5e00000)
  object space 146432K, 52% used [0x0000000081a00000,0x00000000864b0900,0x000000008a900000)
 Metaspace       used 49402K, capacity 50398K, committed 50560K, reserved 1093632K
  class space    used 5860K, capacity 6153K, committed 6272K, reserved 1048576K
}
Event: 18.770 GC heap before
{Heap before GC invocations=17 (full 3):
 PSYoungGen      total 391168K, used 16348K [0x00000000d5e00000, 0x00000000f1980000, 0x0000000100000000)
  eden space 354816K, 0% used [0x00000000d5e00000,0x00000000d5e00000,0x00000000eb880000)
  from space 36352K, 44% used [0x00000000ef600000,0x00000000f05f70c8,0x00000000f1980000)
  to   space 49664K, 0% used [0x00000000eb880000,0x00000000eb880000,0x00000000ee900000)
 ParOldGen       total 146432K, used 76482K [0x0000000081a00000, 0x000000008a900000, 0x00000000d5e00000)
  object space 146432K, 52% used [0x0000000081a00000,0x00000000864b0900,0x000000008a900000)
 Metaspace       used 49402K, capacity 50398K, committed 50560K, reserved 1093632K
  class space    used 5860K, capacity 6153K, committed 6272K, reserved 1048576K
Event: 18.917 GC heap after
Heap after GC invocations=17 (full 3):
 PSYoungGen      total 391168K, used 0K [0x00000000d5e00000, 0x00000000f1980000, 0x0000000100000000)
  eden space 354816K, 0% used [0x00000000d5e00000,0x00000000d5e00000,0x00000000eb880000)
  from space 36352K, 0% used [0x00000000ef600000,0x00000000ef600000,0x00000000f1980000)
  to   space 49664K, 0% used [0x00000000eb880000,0x00000000eb880000,0x00000000ee900000)
 ParOldGen       total 163328K, used 51597K [0x0000000081a00000, 0x000000008b980000, 0x00000000d5e00000)
  object space 163328K, 31% used [0x0000000081a00000,0x0000000084c63528,0x000000008b980000)
 Metaspace       used 49402K, capacity 50398K, committed 50560K, reserved 1093632K
  class space    used 5860K, capacity 6153K, committed 6272K, reserved 1048576K
}

